epoch	loss	acc-top1	lr	batch	batch-time	epoch-time
1	0.7298961456375893	0.4898989898989899	0.001	2	1.457414448863328	144.32159852981567
2	0.6921848648726338	0.5353535353535354	0.001	2	1.469051389983206	145.4705092906952
3	0.7005429839847064	0.5050505050505051	0.001	2	1.4678927455285582	145.36621761322021
4	0.6660151213708551	0.5757575757575758	0.001	2	1.4728105477612428	145.848890542984
5	0.672654911725208	0.6161616161616161	0.001	2	1.4782793136558148	146.38177299499512
6	0.6648681901320063	0.6060606060606061	0.001	2	1.4801391351102577	146.5648114681244
7	0.6246324599993349	0.6565656565656566	0.001	2	1.489534257638334	147.50436854362488
8	0.6518204374746843	0.6161616161616161	0.001	2	1.4865810076395671	147.21511459350586
9	0.6234143692435641	0.6262626262626263	0.001	2	1.482894531404129	146.83662962913513
10	0.591270568996969	0.6666666666666666	0.001	2	1.4897597028751566	147.51908588409424
11	0.5603566624299444	0.696969696969697	0.001	2	1.468367181643091	145.4121298789978
12	0.6123625076178348	0.696969696969697	0.001	2	1.4751201735602484	146.07508277893066
13	0.5301860721424373	0.7474747474747475	0.001	2	1.479735735690955	146.5380871295929
14	0.5572691291871698	0.7373737373737373	0.001	2	1.48105644457268	146.65723752975464
15	0.5843252434272959	0.7121212121212122	0.001	2	1.484598807614259	147.00330185890198
16	0.6187312148436152	0.6565656565656566	0.001	2	1.4671609233124088	145.29417824745178
17	0.4449256953566965	0.8080808080808081	0.001	2	1.4720434564532656	145.7632932662964
18	0.4941542229869149	0.7626262626262627	0.001	2	1.4797353840837575	146.53952169418335
19	0.5108812397176569	0.7222222222222222	0.001	2	1.4795306547723635	146.51884174346924
20	0.5096582959998738	0.7323232323232324	0.001	2	1.4751249322987565	146.07394361495972
21	0.4845890198091064	0.7525252525252525	0.001	2	1.4870247166566175	147.25580191612244
22	0.4205630686548021	0.797979797979798	0.001	2	1.487412484005244	147.30016469955444
23	0.41119704132128243	0.8333333333333334	0.001	2	1.4883114641362971	147.39116787910461
24	0.4291041764346036	0.7929292929292929	0.001	2	1.483327865600586	146.88301968574524
25	0.4289206284465212	0.7727272727272727	0.001	2	1.482512637822315	146.81275987625122
26	0.4229089274550929	0.7828282828282829	0.001	2	1.476991932801526	146.26801872253418
27	0.43162699239422575	0.7676767676767676	0.001	2	1.4826733030454078	146.8172516822815
28	0.5571408335006598	0.6616161616161617	0.001	2	1.4895048261892916	147.5062038898468
29	0.4321969407375413	0.7878787878787878	0.001	2	1.4907362412924718	147.62548184394836
30	0.440297050608529	0.7626262626262627	0.001	2	1.4725122957518606	145.81158876419067
31	0.41436254105182607	0.7828282828282829	0.001	2	1.4670220721851697	145.2808120250702
32	0.40224803276736326	0.7878787878787878	0.001	2	1.4933458626872362	147.87381839752197
33	0.43370378017425537	0.7626262626262627	0.001	2	1.4814917246500652	146.70489716529846
34	0.42913672899959066	0.7676767676767676	0.001	2	1.4899948799248897	147.55056619644165
35	0.4046514828999837	0.8181818181818182	0.001	2	1.4808270449590202	146.63151359558105
36	0.3254554265677327	0.8585858585858586	0.001	2	1.488823165797224	147.43239879608154
37	0.34320966191966124	0.8282828282828283	0.001	2	1.5006170874894267	148.5979630947113
38	0.33215639145687376	0.8333333333333334	0.001	2	1.4741298526224464	145.98435401916504
39	0.3283020688427819	0.8484848484848485	0.001	2	1.4700556957360469	145.5674078464508
40	0.3235394596451461	0.8383838383838383	0.001	2	1.4707974135273634	145.63940382003784
41	0.28197754874373926	0.8787878787878788	0.001	2	1.470519614942146	145.62681126594543
42	0.29315928738526625	0.8888888888888888	0.001	2	1.47163235057484	145.73737597465515
43	0.24148674595235575	0.8939393939393939	0.001	2	1.4697080983055963	145.54401659965515
44	0.33305998281999066	0.8535353535353535	0.001	2	1.4712663298905497	145.68523645401
45	0.2265681934477103	0.9141414141414141	0.001	2	1.4713563919067383	145.69710564613342
46	0.2615177131662465	0.9090909090909091	0.001	2	1.4713496945121072	145.7097291946411
47	0.24552146021765892	0.9242424242424242	0.001	2	1.4709092149830827	145.66428780555725
48	0.1837309096196685	0.9595959595959596	0.001	2	1.4698751478484182	145.54999446868896
49	0.1570327351189623	0.9545454545454546	0.001	2	1.4717959346193257	145.74097990989685
50	0.18749738341630107	0.9595959595959596	0.001	2	1.4801025101632783	146.56434035301208
51	0.14011465238802362	0.9848484848484849	0.001	2	1.484007594561336	146.94840836524963
52	0.14352581326407615	0.9797979797979798	0.001	2	1.4917616651515768	147.7290141582489
53	0.18647247823801907	0.9595959595959596	0.001	2	1.5103653103414207	149.56830406188965
54	0.16951700954726248	0.9545454545454546	0.001	2	1.488402874782832	147.38188242912292
55	0.16537918346096772	0.9444444444444444	0.001	2	1.5002844044656465	148.55774545669556
56	0.147387799590525	0.9696969696969697	0.001	2	1.5048301605263141	149.00954413414001
57	0.10701941631057045	1.0	0.001	2	1.4884172786365857	147.38693737983704
58	0.09320045571134548	1.0	0.001	2	1.4895010187168314	147.50213813781738
59	0.08324320779906379	0.9949494949494949	0.001	2	1.481379660693082	146.70396995544434
60	0.08647853497302893	1.0	0.001	2	1.488880333274302	147.42906999588013
61	0.0938232203926703	1.0	0.001	2	1.4753813358268353	146.11045217514038
62	0.07894001615167869	0.9949494949494949	0.001	2	1.474590903580791	146.02463722229004
63	0.06481698275816561	1.0	0.001	2	1.4737913030566592	145.9375660419464
64	0.06263770479144472	1.0	0.001	2	1.4758069635641695	146.13372659683228
65	0.05033317810357219	1.0	0.001	2	1.4742598340968893	145.9846007823944
66	0.049770504236221313	1.0	0.001	2	1.4820966166679306	146.7727391719818
67	0.055804612961682404	1.0	0.001	2	1.5013632822518397	148.66805577278137
68	0.053713919538440125	1.0	0.001	2	1.4983477303476045	148.38128280639648
69	0.05151909078010405	1.0	0.001	2	1.5183504205761533	150.36256432533264
70	0.044487769555563876	1.0	0.001	2	1.4980867101688577	148.34117650985718
71	0.045110237718832616	1.0	0.001	2	1.5068751441107855	149.22492790222168
72	0.04389173936362219	1.0	0.001	2	1.4842824309763283	146.98719263076782
73	0.04107863644156793	1.0	0.001	2	1.508553066638985	149.37561082839966
74	0.037842324285796196	1.0	0.001	2	1.4891836859963157	147.4602427482605
75	0.03759713726814347	1.0	0.001	2	1.4956751062412454	148.12579703330994
76	0.03489990186209631	1.0	0.001	2	1.5074249807030264	149.28124117851257
77	0.03946981466177738	1.0	0.001	2	1.4859402878115875	147.15344166755676
78	0.03520637931245746	1.0	0.001	2	1.4852520769292659	147.08885526657104
79	0.03411165993623059	1.0	0.001	2	1.484826254122185	147.04150986671448
80	0.03591761444554185	1.0	0.001	2	1.4836314928652061	146.91291570663452
81	0.026626583903726905	1.0	0.001	2	1.4843960362251358	146.98768711090088
82	0.03338245189551151	1.0	0.001	2	1.4914155680723864	147.69650793075562
83	0.02837500487915193	1.0	0.001	2	1.4795379855416038	146.51939797401428
84	0.031202602266061186	1.0	0.001	2	1.4931208364891284	147.85077953338623
85	0.0244072579374217	1.0	0.001	2	1.4912428639151833	147.66630220413208
86	0.024155229631096425	1.0	0.001	2	1.4981343553523825	148.3604497909546
87	0.02478580763845733	1.0	0.001	2	1.4792968817431518	146.48586106300354
88	0.021249953544501102	1.0	0.001	2	1.4859069573758827	147.13723993301392
89	0.02329142587353485	1.0	0.001	2	1.4701452712820033	145.58100843429565
90	0.02025795043116868	1.0	0.001	2	1.4774261123002177	146.3090980052948
91	0.023762433215825246	1.0	0.001	2	1.4832809597554832	146.87842297554016
92	0.02031399445100264	1.0	0.001	2	1.4781231952436042	146.37599396705627
93	0.020020471678839788	1.0	0.001	2	1.4787760816439233	146.4339108467102
94	0.022187808547357118	1.0	0.001	2	1.5084206118728176	149.37612771987915
95	0.0184772080845303	1.0	0.001	2	1.4805333060447616	146.62187218666077
96	0.020728248538392963	1.0	0.001	2	1.4859796244688708	147.1525559425354
97	0.020423548992234048	1.0	0.001	2	1.480560666382915	146.62172317504883
98	0.01912551817267832	1.0	0.001	2	1.490203816481311	147.56395721435547
99	0.021030129808368103	1.0	0.001	2	1.4877508023772577	147.32045364379883
100	0.017086006174183856	1.0	0.001	2	1.4903052888735375	147.57334303855896
