epoch	loss	acc-top1	acc-top5	lr	batch	batch-time	epoch-time
1	4.69781677160696	0.07350319807067211	0.2179930795847751	0.01	32	0.8479695678953343	253.57348227500916
2	3.7228598796660086	0.1417636573345916	0.364370347069309	0.01	32	0.8832297859383267	264.1171565055847
3	3.432622408359396	0.18527838943063857	0.441648317080843	0.01	32	0.8640585424110643	258.3941538333893
4	3.2500988866368643	0.21610569361434415	0.4849533396246199	0.01	32	0.8736143343424717	261.253933429718
5	3.051193678542804	0.25060291496277654	0.546398238439761	0.01	32	0.8649729263024984	258.85363936424255
6	2.919119005122249	0.28405158854985846	0.5759672853098459	0.01	32	0.8657647231749468	258.91201734542847
7	2.7915132341487885	0.2997798049701164	0.6048023487469855	0.01	32	0.8830659692502739	264.07765340805054
8	2.659874624884502	0.332599349900388	0.629757785467128	0.01	32	0.866695214274735	259.1750433444977
9	2.5203541367386726	0.3620635419943378	0.667400650099612	0.01	32	0.862333317664156	257.8708620071411
10	2.4129474666791855	0.38586557617699485	0.6896298626402433	0.01	32	0.8699850111103377	260.1739466190338
11	2.2962876029193082	0.4193142497640768	0.7162629757785467	0.01	32	0.8818240548455994	263.7000529766083
12	2.1637453545411076	0.4457376533501101	0.734717416378316	0.01	32	0.8542122290684626	255.44826674461365
13	2.098027732545529	0.45811051693404636	0.7469854251861172	0.01	32	0.8528364454224756	255.03870344161987
14	2.0033062936075456	0.48023487469854254	0.7723602810108	0.01	32	0.8774532609958713	262.40041851997375
15	1.9091836332437364	0.5042466184334696	0.7848379993708714	0.01	32	0.8472542427853996	253.36827278137207
16	1.8260044495089693	0.5216525112718884	0.8003565062388592	0.01	32	0.8833850929170947	264.1714177131653
17	1.7777278089568314	0.532871972318339	0.8122050959421202	0.01	32	0.8485209575066199	253.7569649219513
18	1.6935482517133233	0.5605536332179931	0.8236342665408409	0.01	32	0.849836552023489	254.13228583335876
19	1.617829082921402	0.5769109782950613	0.8283527314669183	0.01	32	0.8637061430060345	258.2748200893402
20	1.5314410499547955	0.5983013526266121	0.8482751389325783	0.01	32	0.8488931879152024	253.8466911315918
21	1.478723865441835	0.6064800251651463	0.8524693299779805	0.01	32	0.8486292115023304	253.78113174438477
22	1.4409768119652815	0.617909195763867	0.8610674216210549	0.01	32	0.8529008056806482	255.0579764842987
23	1.35484356508698	0.6346859599454755	0.879207297892419	0.01	32	0.8596165897854195	257.0649981498718
24	1.3445162548138383	0.6413966656181189	0.8761665093845025	0.01	32	0.8552203457491055	255.73758554458618
25	1.289454388845963	0.6466394044248716	0.88130439341512	0.01	32	0.8215491062023966	245.67699265480042
26	1.2189452229424118	0.6710705672643389	0.8964034811785677	0.01	32	0.8219390832460843	245.80848002433777
27	1.2241737732312783	0.6667715214428017	0.8908461780434099	0.01	32	0.822417563020585	245.93187475204468
28	1.1671103544676218	0.6859599454755164	0.8985005767012687	0.01	32	0.8224297502766484	245.95095705986023
29	1.1306001613809338	0.6927755059242948	0.9034287511796162	0.01	32	0.8220969410644328	245.852454662323
30	1.0766982738734467	0.7095522701059033	0.9112928593897452	0.01	32	0.8213313056473748	245.62105417251587
31	1.0734382916686793	0.7077697389116074	0.9086714899863689	0.01	32	0.8215539878028691	245.67833948135376
32	1.0206346725835058	0.7225542623466499	0.9172695816294433	0.01	32	0.8216608934179198	245.7105691432953
33	0.9977312644997695	0.7277970011534025	0.9185278389430639	0.01	32	0.8224536256247938	245.9568977355957
34	0.9611674571569778	0.7379679144385026	0.924923980287302	0.01	32	0.8223827259995068	245.9337363243103
35	0.9420416068390779	0.7436300723497955	0.9270210758100031	0.01	32	0.829790644821116	248.13722467422485
36	0.9232808449389088	0.7497116493656286	0.9295375904372444	0.01	32	0.8230058508971861	246.92492532730103
37	0.8943746366677849	0.7514941805599245	0.9327880884974311	0.01	32	0.8219246346017589	245.7980854511261
38	0.8705400116628379	0.7636573345915907	0.9342560553633218	0.01	32	0.8220368787197764	245.83031225204468
39	0.8281667216763852	0.776239907727797	0.9421201635734507	0.01	32	0.8225671320057234	245.976655960083
40	0.8204419736131202	0.7768690363846074	0.9423298731257209	0.01	32	0.8236366187449682	246.30724477767944
41	0.8062756818283575	0.776344762503932	0.9428541470063961	0.01	32	0.8225613007178674	245.98959851264954
42	0.775183574776111	0.7838943063856558	0.9471531928279333	0.01	32	0.8238402290089074	246.3579807281494
43	0.7758769356030719	0.7870399496697075	0.948306595365419	0.01	32	0.8233681650066057	246.2264757156372
44	0.7531647868684919	0.795952605641187	0.9496697074551745	0.01	32	0.8303236267638445	248.30840969085693
45	0.7121022253825477	0.8048652616126665	0.9551221558141973	0.01	32	0.8248349910595744	246.65687155723572
46	0.7155400992464792	0.8055992450456119	0.9501939813358499	0.01	32	0.8251528006333572	246.75428318977356
47	0.7206868065394757	0.8001467966865891	0.9521862220824159	0.01	32	0.8256029221525161	246.8993639945984
48	0.7120015563936845	0.80203418265702	0.9498794170074447	0.01	32	0.8249829309839868	246.71326804161072
49	0.699809514689998	0.8105274195239593	0.9554367201426025	0.01	32	0.8251615447742883	246.77445316314697
50	0.6606392646418361	0.8180769634056831	0.9552270105903324	0.01	32	0.8254699659188057	246.84711527824402
51	0.6388217134646703	0.8252070881828667	0.956590122680088	0.01	32	0.8509004163901542	254.45404601097107
52	0.6313466685765993	0.8252070881828667	0.962357135367516	0.01	32	0.8328494587072162	249.0536322593689
53	0.611625789533537	0.8314983747509699	0.9628814092481912	0.01	32	0.8273924792490676	247.42115831375122
54	0.6390352879628528	0.8236342665408409	0.9595260564118696	0.01	32	0.8268826613856797	247.27158880233765
55	0.6131367314420582	0.8309741008702947	0.9615182971584356	0.01	32	0.8265161984740292	247.17049384117126
56	0.607836858473997	0.8350634371395617	0.9606794589493551	0.01	32	0.8275830976939121	247.48976516723633
57	0.5876303724589133	0.8370556778861277	0.9682290028310789	0.01	32	0.8266326368453112	247.21190118789673
58	0.563694953768461	0.8425081262451505	0.9667610359651883	0.01	32	0.8259686953247989	246.99295330047607
59	0.5576270440095523	0.849638251022334	0.9669707455174583	0.01	32	0.8269078308921992	247.27616024017334
60	0.5447948525208678	0.8453392052007969	0.9686484219356192	0.01	32	0.8264443164685099	247.1473536491394
61	0.5631197196102072	0.843661528782636	0.9673901646219986	0.01	32	0.8268459552905233	247.26169395446777
62	0.5199229336514892	0.8568732305756527	0.9706406626821852	0.01	32	0.8275010378464408	247.46439957618713
63	0.5309816458271	0.8549858446052218	0.9688581314878892	0.01	32	0.8276641097754539	247.50021028518677
64	0.5104772602848078	0.8603334381881095	0.9710600817867254	0.01	32	0.8268281249298299	247.24999022483826
65	0.5085132257786139	0.8577120687847332	0.9707455174583203	0.01	32	0.8276163814059867	247.49092388153076
66	0.5020953351701095	0.859389745202894	0.9715843556674006	0.01	32	0.8277172380466525	247.53397727012634
67	0.5068931296597465	0.8586557617699486	0.9708503722344553	0.01	32	0.8297816160131857	248.15721607208252
68	0.5057185725919778	0.859494599979029	0.9725280486526161	0.01	32	0.8462714048532339	253.08083629608154
69	0.5159241590432879	0.8568732305756527	0.9730523225332914	0.01	32	0.8271319363826892	247.3525960445404
70	0.4779435262573057	0.867253853413023	0.9750445632798574	0.01	32	0.8275839293680861	247.47520756721497
71	0.46074079014763236	0.8728111565481808	0.9760931110412079	0.01	32	0.8271351012099148	247.3478331565857
72	0.4812767025408685	0.8670441438607529	0.9733668868616966	0.01	32	0.8265058356383971	247.15415835380554
73	0.46226173363679907	0.8685121107266436	0.9763028205934781	0.01	32	0.8270144295134273	247.32944178581238
74	0.4465348180815073	0.8777393310265282	0.9778756422355038	0.01	32	0.8269478469389339	247.2986192703247
75	0.44102418678942074	0.8764810737129076	0.9786096256684492	0.01	32	0.8267659582820625	247.23475813865662
76	0.4372754041986344	0.8800461361014994	0.9772465135786935	0.01	32	0.82658876702937	247.59562492370605
77	0.4343704683820419	0.8776344762503933	0.9766173849218832	0.01	32	0.8260503110279607	247.0164406299591
78	0.4229846930146355	0.8829820698332809	0.9802873020866101	0.01	32	0.8263803437402018	247.13321137428284
79	0.4093228512444286	0.887071406102548	0.9795533186536647	0.01	32	0.8265609972453037	247.1796522140503
80	0.4040168851904616	0.8882248086400335	0.9797630282059347	0.01	32	0.8254368943115541	246.8400580883026
81	0.3108968091758527	0.9174792911817133	0.9846912026842822	0.001	32	0.8289296013057033	248.7508406639099
82	0.2791069967136501	0.924714270735032	0.988151410296739	0.001	32	0.8251088008434079	246.75397324562073
83	0.2676732987868557	0.9293278808849743	0.9886756841774142	0.001	32	0.8264005216069046	247.14979219436646
84	0.25857786268786437	0.9303764286463249	0.9897242319387648	0.001	32	0.8249052296514097	246.68924045562744
85	0.2434255426080269	0.9381356820803187	0.9898290867148999	0.001	32	0.8255499972148882	246.88342094421387
86	0.23553785273298047	0.9382405368564538	0.9899339414910349	0.001	32	0.8248088559179402	246.66777157783508
87	0.2273086308558007	0.9434832756632064	0.9898290867148999	0.001	32	0.8514410572307166	254.62057614326477
88	0.22157938455127876	0.9400230680507498	0.9912970535807906	0.001	32	0.8232865166105953	246.20893740653992
89	0.22448119790196305	0.9420153087973158	0.9914019083569257	0.001	32	0.8246585924091148	246.60890316963196
90	0.21351185181961627	0.9480968858131488	0.992240746566006	0.001	32	0.8238918247031528	246.38820362091064
91	0.213086531124013	0.9472580476040684	0.9903533605955751	0.001	32	0.8280372547864117	247.6281909942627
92	0.21169612526931114	0.9466289189472581	0.9914019083569257	0.001	32	0.8246400164919953	247.99752068519592
93	0.21778550507500571	0.9448463877529621	0.9906679249239803	0.001	32	0.8245538030579737	246.57264733314514
94	0.20648990797899022	0.9456852259620425	0.9918213274614659	0.001	32	0.8223513775445944	245.92960953712463
95	0.20865921180703498	0.9453706616336374	0.9908776344762504	0.001	32	0.8290444353352422	247.9320774078369
96	0.20588933085325292	0.948516304917689	0.9915067631330607	0.001	32	0.8242926047398493	246.50997376441956
97	0.2053927416269967	0.9473629023802034	0.9909824892523854	0.001	32	0.8244695049464503	246.56483125686646
98	0.2077740620951789	0.9462094998427178	0.9915067631330607	0.001	32	0.8449562544806745	252.6743721961975
99	0.19512125495045868	0.9486211596938241	0.9929747299989514	0.001	32	0.8247496459795081	246.6312656402588
100	0.19619337432699732	0.950508545664255	0.9927650204466814	0.001	32	0.8230183610948033	246.12384223937988
